<?xml version="1.0" encoding="UTF-8"?>
<!-- Generated by org.testng.reporters.JUnitReportReporter -->
<testsuite hostname="LAPTOP-L7LQ8FID" failures="0" tests="1" name="FlightBooking.AutomationExercise.Apptest" time="95.078" errors="0" timestamp="2023-09-03T11:36:59 IST" skipped="0">
  <testcase classname="FlightBooking.AutomationExercise.Apptest" name="flightbooking" time="95.078"/>
</testsuite> <!-- FlightBooking.AutomationExercise.Apptest -->
